mut_pics/mut_pic_1.jpg 1024x680 24bit N JFIF  [OK] 27178 --> 27178 bytes (0.00%), optimized.
mut_pics/mut_pic_10.jpg 1024x680 24bit N JFIF  [OK] 26983 --> 26983 bytes (0.00%), optimized.
mut_pics/mut_pic_100.jpg 1024x680 24bit N JFIF  [OK] 27189 --> 27189 bytes (0.00%), optimized.
mut_pics/mut_pic_11.jpg 1024x680 24bit N JFIF  [OK] 27165 --> 27165 bytes (0.00%), optimized.
mut_pics/mut_pic_12.jpg 1024x680 24bit N JFIF  [OK] 26965 --> 26965 bytes (0.00%), optimized.
mut_pics/mut_pic_13.jpg 1024x680 24bit N JFIF  [OK] 27121 --> 27121 bytes (0.00%), optimized.
mut_pics/mut_pic_14.jpg 1024x680 24bit N JFIF  [OK] 25854 --> 25854 bytes (0.00%), optimized.
mut_pics/mut_pic_15.jpg 1024x680 24bit N JFIF  [OK] 25172 --> 25172 bytes (0.00%), optimized.
mut_pics/mut_pic_16.jpg 1024x680 24bit N JFIF  [OK] 25802 --> 25802 bytes (0.00%), optimized.
mut_pics/mut_pic_17.jpg 1024x680 24bit N JFIF  [OK] 27334 --> 27334 bytes (0.00%), optimized.
mut_pics/mut_pic_18.jpg 1024x680 24bit N JFIF  [OK] 27700 --> 27700 bytes (0.00%), optimized.
mut_pics/mut_pic_19.jpg 1024x680 24bit N JFIF  [OK] 26857 --> 26857 bytes (0.00%), optimized.
mut_pics/mut_pic_2.jpg 1024x680 24bit N JFIF  (Corrupt JPEG data: premature end of data segment)  (Didn't expect more than one scan)  [ERROR]
Error processing: jpegoptim mut_pics/mut_pic_2.jpg
mut_pics/mut_pic_20.jpg 1024x680 24bit N JFIF  [OK] 27189 --> 27189 bytes (0.00%), optimized.
mut_pics/mut_pic_21.jpg  (Corrupt JPEG data: 88 extraneous bytes before marker 0xc4)  (Invalid JPEG file structure: SOS before SOF)  [ERROR]
Error processing: jpegoptim mut_pics/mut_pic_21.jpg
mut_pics/mut_pic_22.jpg 1024x680 24bit N JFIF  [OK] 27290 --> 27290 bytes (0.00%), optimized.
mut_pics/mut_pic_23.jpg  (Corrupt JPEG data: 11 extraneous bytes before marker 0xc4)  (Invalid JPEG file structure: SOS before SOF)  [ERROR]
Error processing: jpegoptim mut_pics/mut_pic_23.jpg
mut_pics/mut_pic_24.jpg 1024x680 24bit N JFIF  [OK] 27024 --> 27024 bytes (0.00%), optimized.
mut_pics/mut_pic_25.jpg 1024x680 24bit N JFIF  [OK] 26536 --> 26536 bytes (0.00%), optimized.
mut_pics/mut_pic_26.jpg 1024x680 24bit N JFIF  [OK] 26799 --> 26799 bytes (0.00%), optimized.
mut_pics/mut_pic_27.jpg 1024x680 24bit N JFIF  [OK] 27111 --> 27111 bytes (0.00%), optimized.
mut_pics/mut_pic_28.jpg 1024x680 24bit N JFIF  [OK] 27167 --> 27167 bytes (0.00%), optimized.
mut_pics/mut_pic_29.jpg 1024x680 24bit N JFIF  [OK] 27141 --> 27141 bytes (0.00%), optimized.
mut_pics/mut_pic_3.jpg 1024x680 24bit N JFIF  [OK] 26922 --> 26922 bytes (0.00%), optimized.
mut_pics/mut_pic_30.jpg 1024x680 24bit N JFIF  [OK] 27191 --> 27191 bytes (0.00%), optimized.
mut_pics/mut_pic_31.jpg 1024x680 24bit N JFIF  [OK] 27175 --> 27175 bytes (0.00%), optimized.
mut_pics/mut_pic_32.jpg 1024x680 24bit N JFIF  [OK] 27424 --> 27424 bytes (0.00%), optimized.
mut_pics/mut_pic_33.jpg 1024x680 24bit N JFIF  [OK] 26145 --> 26145 bytes (0.00%), optimized.
mut_pics/mut_pic_34.jpg 1024x680 24bit N JFIF  [OK] 26227 --> 26227 bytes (0.00%), optimized.
mut_pics/mut_pic_35.jpg 1024x680 24bit N JFIF  [OK] 27194 --> 27194 bytes (0.00%), optimized.
mut_pics/mut_pic_36.jpg 1024x680 24bit N JFIF  [OK] 28688 --> 28688 bytes (0.00%), optimized.
mut_pics/mut_pic_37.jpg 1024x680 24bit N JFIF  [OK] 27345 --> 27345 bytes (0.00%), optimized.
mut_pics/mut_pic_38.jpg 1024x680 24bit N JFIF  [OK] 24853 --> 24853 bytes (0.00%), optimized.
mut_pics/mut_pic_39.jpg 1024x680 24bit N JFIF  [OK] 26632 --> 26632 bytes (0.00%), optimized.
mut_pics/mut_pic_4.jpg 1024x680 24bit N JFIF  [OK] 25920 --> 25920 bytes (0.00%), optimized.
mut_pics/mut_pic_40.jpg 1024x680 24bit N JFIF  [OK] 27118 --> 27118 bytes (0.00%), optimized.
mut_pics/mut_pic_41.jpg 1024x680 24bit N JFIF  [OK] 25816 --> 25816 bytes (0.00%), optimized.
mut_pics/mut_pic_42.jpg 1024x680 24bit N JFIF  [OK] 26906 --> 26906 bytes (0.00%), optimized.
mut_pics/mut_pic_43.jpg 1024x680 24bit N JFIF  [OK] 27369 --> 27369 bytes (0.00%), optimized.
mut_pics/mut_pic_44.jpg 1024x680 24bit N JFIF  [OK] 26272 --> 26272 bytes (0.00%), optimized.
mut_pics/mut_pic_45.jpg 1024x680 24bit N JFIF  [OK] 27188 --> 27188 bytes (0.00%), optimized.
mut_pics/mut_pic_46.jpg 1024x680 24bit N JFIF  [OK] 27182 --> 27182 bytes (0.00%), optimized.
mut_pics/mut_pic_47.jpg 1024x680 24bit N JFIF  [OK] 26924 --> 26924 bytes (0.00%), optimized.
mut_pics/mut_pic_48.jpg 1024x680 24bit N JFIF  [OK] 26809 --> 26809 bytes (0.00%), optimized.
mut_pics/mut_pic_49.jpg 1024x680 24bit N JFIF  [OK] 26725 --> 26725 bytes (0.00%), optimized.
mut_pics/mut_pic_5.jpg 1024x680 24bit N JFIF  [OK] 26105 --> 26105 bytes (0.00%), optimized.
mut_pics/mut_pic_50.jpg 1024x680 24bit N JFIF  [OK] 27380 --> 27380 bytes (0.00%), optimized.
mut_pics/mut_pic_51.jpg 1024x680 24bit N JFIF  [OK] 27174 --> 27174 bytes (0.00%), optimized.
mut_pics/mut_pic_52.jpg 1024x680 24bit N JFIF  [OK] 27186 --> 27186 bytes (0.00%), optimized.
mut_pics/mut_pic_53.jpg 1024x680 24bit N JFIF  [OK] 28661 --> 28661 bytes (0.00%), optimized.
mut_pics/mut_pic_54.jpg 1024x680 24bit N JFIF  (Corrupt JPEG data: premature end of data segment)  (Didn't expect more than one scan)  [ERROR]
Error processing: jpegoptim mut_pics/mut_pic_54.jpg
mut_pics/mut_pic_55.jpg  (Bogus Huffman table definition)  [ERROR]
Error processing: jpegoptim mut_pics/mut_pic_55.jpg
mut_pics/mut_pic_56.jpg 1024x680 24bit N JFIF  [OK] 26981 --> 26981 bytes (0.00%), optimized.
mut_pics/mut_pic_57.jpg 1024x680 24bit N JFIF  [OK] 27074 --> 27074 bytes (0.00%), optimized.
mut_pics/mut_pic_58.jpg 1024x680 24bit N JFIF  [OK] 27173 --> 27173 bytes (0.00%), optimized.
mut_pics/mut_pic_59.jpg 1024x680 24bit N JFIF  [OK] 27030 --> 27030 bytes (0.00%), optimized.
mut_pics/mut_pic_6.jpg 1024x680 24bit N JFIF  [OK] 27189 --> 27189 bytes (0.00%), optimized.
mut_pics/mut_pic_60.jpg 1024x680 24bit N JFIF  [OK] 27229 --> 27229 bytes (0.00%), optimized.
mut_pics/mut_pic_61.jpg 1024x680 24bit N JFIF  [OK] 27220 --> 27220 bytes (0.00%), optimized.
mut_pics/mut_pic_62.jpg 1024x680 24bit N JFIF  [OK] 27179 --> 27179 bytes (0.00%), optimized.
mut_pics/mut_pic_63.jpg 1024x680 24bit N JFIF  [OK] 24429 --> 24429 bytes (0.00%), optimized.
mut_pics/mut_pic_64.jpg 1024x680 24bit N JFIF  [OK] 27185 --> 27185 bytes (0.00%), optimized.
mut_pics/mut_pic_65.jpg 1024x680 24bit N JFIF  [OK] 27193 --> 27193 bytes (0.00%), optimized.
mut_pics/mut_pic_66.jpg 1024x680 24bit N JFIF  [OK] 27103 --> 27103 bytes (0.00%), optimized.
mut_pics/mut_pic_67.jpg 1024x680 24bit N JFIF  [OK] 27190 --> 27190 bytes (0.00%), optimized.
mut_pics/mut_pic_68.jpg  (Corrupt JPEG data: 1 extraneous bytes before marker 0xdb)  (Bogus DQT index 13)  [ERROR]
Error processing: jpegoptim mut_pics/mut_pic_68.jpg
mut_pics/mut_pic_69.jpg 1024x680 24bit N JFIF  [OK] 27297 --> 27297 bytes (0.00%), optimized.
mut_pics/mut_pic_7.jpg 1024x680 24bit N JFIF  [OK] 27017 --> 27017 bytes (0.00%), optimized.
mut_pics/mut_pic_70.jpg 1024x680 24bit N JFIF  [OK] 27168 --> 27168 bytes (0.00%), optimized.
mut_pics/mut_pic_71.jpg 1024x680 24bit N JFIF  [OK] 27194 --> 27194 bytes (0.00%), optimized.
mut_pics/mut_pic_72.jpg 1024x680 24bit N JFIF  [OK] 25383 --> 25383 bytes (0.00%), optimized.
mut_pics/mut_pic_73.jpg 1024x680 24bit N JFIF  [OK] 27189 --> 27189 bytes (0.00%), optimized.
mut_pics/mut_pic_74.jpg 1024x680 24bit N JFIF  [OK] 28229 --> 28229 bytes (0.00%), optimized.
mut_pics/mut_pic_75.jpg 1024x680 24bit N JFIF  [OK] 27189 --> 27189 bytes (0.00%), optimized.
mut_pics/mut_pic_76.jpg 1024x680 24bit N JFIF  [OK] 27171 --> 27171 bytes (0.00%), optimized.
mut_pics/mut_pic_77.jpg 1024x680 24bit N JFIF  [OK] 26617 --> 26617 bytes (0.00%), optimized.
mut_pics/mut_pic_78.jpg 1024x680 24bit N JFIF  [OK] 27202 --> 27202 bytes (0.00%), optimized.
mut_pics/mut_pic_79.jpg 1024x680 24bit N JFIF  [OK] 27219 --> 27219 bytes (0.00%), optimized.
mut_pics/mut_pic_8.jpg 1024x680 24bit N JFIF  [OK] 26802 --> 26802 bytes (0.00%), optimized.
mut_pics/mut_pic_80.jpg 1024x680 24bit N JFIF  [OK] 27185 --> 27185 bytes (0.00%), optimized.
mut_pics/mut_pic_81.jpg 1024x680 24bit N JFIF  [OK] 28050 --> 28050 bytes (0.00%), optimized.
mut_pics/mut_pic_82.jpg 1024x680 24bit N JFIF  [OK] 27176 --> 27176 bytes (0.00%), optimized.
mut_pics/mut_pic_83.jpg 1024x680 24bit N JFIF  (Corrupt JPEG data: premature end of data segment)  (Unsupported marker type 0x8d)  [ERROR]
Error processing: jpegoptim mut_pics/mut_pic_83.jpg
mut_pics/mut_pic_84.jpg  (Corrupt JPEG data: 25 extraneous bytes before marker 0xdb)  (Bogus marker length)  [ERROR]
Error processing: jpegoptim mut_pics/mut_pic_84.jpg
mut_pics/mut_pic_85.jpg 1024x680 24bit N JFIF  [OK] 29677 --> 29677 bytes (0.00%), optimized.
mut_pics/mut_pic_86.jpg 1024x680 24bit N JFIF  [OK] 27193 --> 27193 bytes (0.00%), optimized.
mut_pics/mut_pic_87.jpg 1024x680 24bit N JFIF  [OK] 26724 --> 26724 bytes (0.00%), optimized.
mut_pics/mut_pic_88.jpg 1024x680 24bit N JFIF  [OK] 27200 --> 27200 bytes (0.00%), optimized.
mut_pics/mut_pic_89.jpg 1024x680 24bit N JFIF  [OK] 28336 --> 28336 bytes (0.00%), optimized.
mut_pics/mut_pic_9.jpg  (Corrupt JPEG data: 29 extraneous bytes before marker 0xda) 1024x680 24bit N JFIF  [WARNING]  (DCT coefficient out of range)  [Compress ERROR]
Error processing: jpegoptim mut_pics/mut_pic_9.jpg
mut_pics/mut_pic_90.jpg 1024x680 24bit N JFIF  [OK] 27191 --> 27191 bytes (0.00%), optimized.
mut_pics/mut_pic_91.jpg 1024x680 24bit N JFIF  [OK] 27176 --> 27176 bytes (0.00%), optimized.
mut_pics/mut_pic_92.jpg 1024x680 24bit N JFIF  [OK] 27175 --> 27175 bytes (0.00%), optimized.
mut_pics/mut_pic_93.jpg 1024x680 24bit N JFIF  [OK] 27108 --> 27108 bytes (0.00%), optimized.
mut_pics/mut_pic_94.jpg 1024x680 24bit N JFIF  [OK] 27170 --> 27170 bytes (0.00%), optimized.
mut_pics/mut_pic_95.jpg 1024x680 24bit N JFIF  [OK] 27184 --> 27184 bytes (0.00%), optimized.
mut_pics/mut_pic_96.jpg 1024x680 24bit N JFIF  [OK] 27119 --> 27119 bytes (0.00%), optimized.
mut_pics/mut_pic_97.jpg  (Corrupt JPEG data: 4 extraneous bytes before marker 0xfe) 1024x680 24bit N JFIF  (Quantization table 0xfb was not defined)  [ERROR]
Error processing: jpegoptim mut_pics/mut_pic_97.jpg
mut_pics/mut_pic_98.jpg 1024x680 24bit N JFIF  [OK] 27157 --> 27157 bytes (0.00%), optimized.
mut_pics/mut_pic_99.jpg 1024x680 24bit N JFIF  [OK] 27192 --> 27192 bytes (0.00%), optimized.
