jpegoptim ./mutated_images/* -d ./output/ -v -s -o --all-normal
All output files will be non-progressive
Using maximum of 1 parallel threads
./mutated_images/mut_pic_1.jpg 1024x680 24bit N  [OK] 27160 --> 27160 bytes (0.00%), skipped.
./mutated_images/mut_pic_10.jpg 1024x680 24bit N  [OK] 26965 --> 26965 bytes (0.00%), skipped.
./mutated_images/mut_pic_100.jpg 1024x680 24bit N  [OK] 27171 --> 27171 bytes (0.00%), skipped.
./mutated_images/mut_pic_11.jpg 1024x680 24bit N  [OK] 27147 --> 27147 bytes (0.00%), skipped.
./mutated_images/mut_pic_12.jpg 1024x680 24bit N JFIF,COM (Corrupt JPEG data: premature end of data segment)  [WARNING] 26736 --> 26886 bytes (-0.56%), skipped.
./mutated_images/mut_pic_13.jpg 1024x680 24bit N  [OK] 27103 --> 27103 bytes (0.00%), skipped.
./mutated_images/mut_pic_14.jpg 1024x680 24bit N  [OK] 25836 --> 25836 bytes (0.00%), skipped.
./mutated_images/mut_pic_15.jpg 1024x680 24bit N  [OK] 25154 --> 25154 bytes (0.00%), skipped.
./mutated_images/mut_pic_16.jpg 1024x680 24bit N JFIF,COM (Corrupt JPEG data: premature end of data segment)  [WARNING] 25563 --> 25723 bytes (-0.63%), skipped.
./mutated_images/mut_pic_17.jpg 1024x680 24bit N JFIF,COM (Corrupt JPEG data: premature end of data segment)  [WARNING] 27101 --> 27255 bytes (-0.57%), skipped.
./mutated_images/mut_pic_18.jpg 1024x680 24bit N  [OK] 27682 --> 27682 bytes (0.00%), skipped.
./mutated_images/mut_pic_19.jpg 1024x680 24bit N  [OK] 26839 --> 26839 bytes (0.00%), skipped.
./mutated_images/mut_pic_2.jpg 1024x680 24bit N JFIF,COM (Corrupt JPEG data: premature end of data segment)  (Didn't expect more than one scan)  [ERROR]
./mutated_images/mut_pic_20.jpg 1024x680 24bit N  [OK] 27171 --> 27171 bytes (0.00%), skipped.
./mutated_images/mut_pic_21.jpg  (Corrupt JPEG data: 88 extraneous bytes before marker 0xc4)  (Invalid JPEG file structure: SOS before SOF)  [ERROR]
./mutated_images/mut_pic_22.jpg 1024x680 24bit N  [OK] 27272 --> 27272 bytes (0.00%), skipped.
./mutated_images/mut_pic_23.jpg  (Corrupt JPEG data: 11 extraneous bytes before marker 0xc4)  (Invalid JPEG file structure: SOS before SOF)  [ERROR]
./mutated_images/mut_pic_24.jpg 1024x680 24bit N JFIF,COM (Corrupt JPEG data: premature end of data segment)  [WARNING] 26828 --> 26945 bytes (-0.44%), skipped.
./mutated_images/mut_pic_25.jpg 1024x680 24bit N JFIF,COM (Corrupt JPEG data: premature end of data segment)  [WARNING] 26379 --> 26457 bytes (-0.30%), skipped.
./mutated_images/mut_pic_26.jpg 1024x680 24bit N  [OK] 26781 --> 26781 bytes (0.00%), skipped.
./mutated_images/mut_pic_27.jpg 1024x680 24bit N JFIF,COM (Corrupt JPEG data: premature end of data segment)  [WARNING] 27020 --> 27032 bytes (-0.04%), skipped.
./mutated_images/mut_pic_28.jpg 1024x680 24bit N  [OK] 27149 --> 27149 bytes (0.00%), skipped.
./mutated_images/mut_pic_29.jpg 1024x680 24bit N  [OK] 27123 --> 27123 bytes (0.00%), skipped.
./mutated_images/mut_pic_3.jpg 1024x680 24bit N  [OK] 26904 --> 26904 bytes (0.00%), skipped.
./mutated_images/mut_pic_30.jpg 1024x680 24bit N  [OK] 27173 --> 27173 bytes (0.00%), skipped.
./mutated_images/mut_pic_31.jpg 1024x680 24bit N  [OK] 27157 --> 27157 bytes (0.00%), skipped.
./mutated_images/mut_pic_32.jpg 1024x680 24bit N JFIF,COM (Corrupt JPEG data: bad Huffman code)  [WARNING] 27318 --> 27345 bytes (-0.10%), skipped.
./mutated_images/mut_pic_33.jpg 1024x680 24bit N JFIF,COM (Corrupt JPEG data: premature end of data segment)  [WARNING] 25577 --> 26066 bytes (-1.91%), skipped.
./mutated_images/mut_pic_34.jpg 1024x680 24bit N JFIF,COM (Corrupt JPEG data: premature end of data segment)  [WARNING] 25753 --> 26148 bytes (-1.53%), skipped.
./mutated_images/mut_pic_35.jpg 1024x680 24bit N  [OK] 27176 --> 27176 bytes (0.00%), skipped.
./mutated_images/mut_pic_36.jpg 1024x680 24bit N  [OK] 28670 --> 28670 bytes (0.00%), skipped.
./mutated_images/mut_pic_37.jpg 1024x680 24bit N  [OK] 27327 --> 27327 bytes (0.00%), skipped.
./mutated_images/mut_pic_38.jpg 1024x680 24bit N JFIF,COM (Corrupt JPEG data: bad Huffman code)  [WARNING] 24435 --> 24774 bytes (-1.39%), skipped.
./mutated_images/mut_pic_39.jpg 1024x680 24bit N JFIF,COM (Corrupt JPEG data: bad Huffman code)  [WARNING] 26444 --> 26553 bytes (-0.41%), skipped.
./mutated_images/mut_pic_4.jpg 1024x680 24bit N JFIF,COM (Corrupt JPEG data: premature end of data segment)  [WARNING] 25527 --> 25841 bytes (-1.23%), skipped.
./mutated_images/mut_pic_40.jpg 1024x680 24bit N  [OK] 27100 --> 27100 bytes (0.00%), skipped.
./mutated_images/mut_pic_41.jpg 1024x680 24bit N JFIF,COM (Corrupt JPEG data: premature end of data segment)  [WARNING] 25375 --> 25737 bytes (-1.43%), skipped.
./mutated_images/mut_pic_42.jpg 1024x680 24bit N JFIF,COM (Corrupt JPEG data: premature end of data segment)  [WARNING] 26798 --> 26827 bytes (-0.11%), skipped.
./mutated_images/mut_pic_43.jpg 1024x680 24bit N  [OK] 27351 --> 27351 bytes (0.00%), skipped.
./mutated_images/mut_pic_44.jpg 1024x680 24bit N JFIF,COM (Corrupt JPEG data: premature end of data segment)  [WARNING] 26030 --> 26193 bytes (-0.63%), skipped.
./mutated_images/mut_pic_45.jpg 1024x680 24bit N  [OK] 27170 --> 27170 bytes (0.00%), skipped.
./mutated_images/mut_pic_46.jpg 1024x680 24bit N  [OK] 27164 --> 27164 bytes (0.00%), skipped.
./mutated_images/mut_pic_47.jpg 1024x680 24bit N JFIF,COM (Corrupt JPEG data: premature end of data segment)  [WARNING] 26708 --> 26845 bytes (-0.51%), skipped.
./mutated_images/mut_pic_48.jpg 1024x680 24bit N  [OK] 26791 --> 26791 bytes (0.00%), skipped.
./mutated_images/mut_pic_49.jpg 1024x680 24bit N  [OK] 26707 --> 26707 bytes (0.00%), skipped.
./mutated_images/mut_pic_5.jpg 1024x680 24bit N JFIF,COM (Corrupt JPEG data: premature end of data segment)  [WARNING] 25576 --> 26026 bytes (-1.76%), skipped.
./mutated_images/mut_pic_50.jpg 1024x680 24bit N  [OK] 27362 --> 27362 bytes (0.00%), skipped.
./mutated_images/mut_pic_51.jpg 1024x680 24bit N  [OK] 27156 --> 27156 bytes (0.00%), skipped.
./mutated_images/mut_pic_52.jpg 1024x680 24bit N  [OK] 27168 --> 27168 bytes (0.00%), skipped.
./mutated_images/mut_pic_53.jpg 1024x680 24bit N  [OK] 28643 --> 28643 bytes (0.00%), skipped.
./mutated_images/mut_pic_54.jpg 1024x680 24bit N JFIF,COM (Corrupt JPEG data: premature end of data segment)  (Didn't expect more than one scan)  [ERROR]
./mutated_images/mut_pic_55.jpg  (Bogus Huffman table definition)  [ERROR]
./mutated_images/mut_pic_56.jpg 1024x680 24bit N JFIF,COM (Corrupt JPEG data: premature end of data segment)  [WARNING] 26825 --> 26902 bytes (-0.29%), skipped.
./mutated_images/mut_pic_57.jpg 1024x680 24bit N  [OK] 27056 --> 27056 bytes (0.00%), skipped.
./mutated_images/mut_pic_58.jpg 1024x680 24bit N  [OK] 27155 --> 27155 bytes (0.00%), skipped.
./mutated_images/mut_pic_59.jpg 1024x680 24bit N JFIF,COM (Corrupt JPEG data: bad Huffman code)  [WARNING] 26894 --> 26951 bytes (-0.21%), skipped.
./mutated_images/mut_pic_6.jpg 1024x680 24bit N  [OK] 27171 --> 27171 bytes (0.00%), skipped.
./mutated_images/mut_pic_60.jpg 1024x680 24bit N  [OK] 27211 --> 27211 bytes (0.00%), skipped.
./mutated_images/mut_pic_61.jpg 1024x680 24bit N  [OK] 27202 --> 27202 bytes (0.00%), skipped.
./mutated_images/mut_pic_62.jpg 1024x680 24bit N  [OK] 27161 --> 27161 bytes (0.00%), skipped.
./mutated_images/mut_pic_63.jpg 1024x680 24bit N JFIF,COM (Corrupt JPEG data: premature end of data segment)  [WARNING] 23792 --> 24350 bytes (-2.35%), skipped.
./mutated_images/mut_pic_64.jpg 1024x680 24bit N  [OK] 27167 --> 27167 bytes (0.00%), skipped.
./mutated_images/mut_pic_65.jpg 1024x680 24bit N  [OK] 27175 --> 27175 bytes (0.00%), skipped.
./mutated_images/mut_pic_66.jpg 1024x680 24bit N  [OK] 27085 --> 27085 bytes (0.00%), skipped.
./mutated_images/mut_pic_67.jpg 1024x680 24bit N  [OK] 27172 --> 27172 bytes (0.00%), skipped.
./mutated_images/mut_pic_68.jpg  (Corrupt JPEG data: 1 extraneous bytes before marker 0xdb)  (Bogus DQT index 13)  [ERROR]
./mutated_images/mut_pic_69.jpg 1024x680 24bit N  [OK] 27279 --> 27279 bytes (0.00%), skipped.
./mutated_images/mut_pic_7.jpg 1024x680 24bit N JFIF,COM (Corrupt JPEG data: premature end of data segment)  [WARNING] 26860 --> 26938 bytes (-0.29%), skipped.
./mutated_images/mut_pic_70.jpg 1024x680 24bit N  [OK] 27150 --> 27150 bytes (0.00%), skipped.
./mutated_images/mut_pic_71.jpg 1024x680 24bit N  [OK] 27176 --> 27176 bytes (0.00%), skipped.
./mutated_images/mut_pic_72.jpg 1024x680 24bit N JFIF,COM (Corrupt JPEG data: bad Huffman code)  [WARNING] 24906 --> 25304 bytes (-1.60%), skipped.
./mutated_images/mut_pic_73.jpg 1024x680 24bit N  [OK] 27171 --> 27171 bytes (0.00%), skipped.
./mutated_images/mut_pic_74.jpg 1024x680 24bit N  [OK] 28211 --> 28211 bytes (0.00%), skipped.
./mutated_images/mut_pic_75.jpg 1024x680 24bit N  [OK] 27171 --> 27171 bytes (0.00%), skipped.
./mutated_images/mut_pic_76.jpg 1024x680 24bit N  [OK] 27153 --> 27153 bytes (0.00%), skipped.
./mutated_images/mut_pic_77.jpg 1024x680 24bit N JFIF,COM (Corrupt JPEG data: premature end of data segment)  [WARNING] 26464 --> 26538 bytes (-0.28%), skipped.
./mutated_images/mut_pic_78.jpg 1024x680 24bit N  [OK] 27184 --> 27184 bytes (0.00%), skipped.
./mutated_images/mut_pic_79.jpg 1024x680 24bit N  [OK] 27201 --> 27201 bytes (0.00%), skipped.
./mutated_images/mut_pic_8.jpg 1024x680 24bit N  [OK] 26784 --> 26784 bytes (0.00%), skipped.
./mutated_images/mut_pic_80.jpg 1024x680 24bit N  [OK] 27167 --> 27167 bytes (0.00%), skipped.
./mutated_images/mut_pic_81.jpg 1024x680 24bit N  [OK] 28032 --> 28032 bytes (0.00%), skipped.
./mutated_images/mut_pic_82.jpg 1024x680 24bit N  [OK] 27158 --> 27158 bytes (0.00%), skipped.
./mutated_images/mut_pic_83.jpg 1024x680 24bit N JFIF,COM (Corrupt JPEG data: premature end of data segment)  (Unsupported marker type 0x8d)  [ERROR]
./mutated_images/mut_pic_84.jpg  (Corrupt JPEG data: 25 extraneous bytes before marker 0xdb)  (Bogus marker length)  [ERROR]
./mutated_images/mut_pic_85.jpg 1024x680 24bit N  [OK] 29659 --> 29659 bytes (0.00%), skipped.
./mutated_images/mut_pic_86.jpg 1024x680 24bit N  [OK] 27175 --> 27175 bytes (0.00%), skipped.
./mutated_images/mut_pic_87.jpg 1024x680 24bit N  [OK] 26706 --> 26706 bytes (0.00%), skipped.
./mutated_images/mut_pic_88.jpg 1024x680 24bit N  [OK] 27182 --> 27182 bytes (0.00%), skipped.
./mutated_images/mut_pic_89.jpg 1024x680 24bit N  [OK] 28318 --> 28318 bytes (0.00%), skipped.
./mutated_images/mut_pic_9.jpg  (Corrupt JPEG data: 29 extraneous bytes before marker 0xda) 1024x680 24bit N JFIF,COM [WARNING]  (DCT coefficient out of range)  [Compress ERROR: DCT coefficient out of range]
./mutated_images/mut_pic_90.jpg 1024x680 24bit N  [OK] 27173 --> 27173 bytes (0.00%), skipped.
./mutated_images/mut_pic_91.jpg 1024x680 24bit N  [OK] 27158 --> 27158 bytes (0.00%), skipped.
./mutated_images/mut_pic_92.jpg 1024x680 24bit N  [OK] 27157 --> 27157 bytes (0.00%), skipped.
./mutated_images/mut_pic_93.jpg 1024x680 24bit N  [OK] 27090 --> 27090 bytes (0.00%), skipped.
./mutated_images/mut_pic_94.jpg 1024x680 24bit N  [OK] 27152 --> 27152 bytes (0.00%), skipped.
./mutated_images/mut_pic_95.jpg 1024x680 24bit N  [OK] 27166 --> 27166 bytes (0.00%), skipped.
./mutated_images/mut_pic_96.jpg 1024x680 24bit N  [OK] 27101 --> 27101 bytes (0.00%), skipped.
./mutated_images/mut_pic_97.jpg  (Corrupt JPEG data: 4 extraneous bytes before marker 0xfe) 1024x680 24bit N JFIF,COM (Quantization table 0xfb was not defined)  [ERROR]
./mutated_images/mut_pic_98.jpg 1024x680 24bit N  [OK] 27139 --> 27139 bytes (0.00%), skipped.
./mutated_images/mut_pic_99.jpg 1024x680 24bit N  [OK] 27174 --> 27174 bytes (0.00%), skipped.